<?xml version="1.0" encoding="UTF-8"?>
<testsuite xmlns:xsi="http://www.w3.org/2001/XMLSchema-instance" xsi:noNamespaceSchemaLocation="https://maven.apache.org/surefire/maven-surefire-plugin/xsd/surefire-test-report-3.0.xsd" version="3.0" name="json.CleanEModuleTest" time="1.722" tests="3" errors="0" skipped="0" failures="0">
  <properties>
[...]
</properties>
  <testcase name="testSerializers" classname="json.CleanEModuleTest" time="1.232"/>
  <testcase name="testSerializersDeserializers" classname="json.CleanEModuleTest" time="0.462"/>
  <testcase name="testDeserializers" classname="json.CleanEModuleTest" time="0.021"/>
</testsuite>