<?xml version="1.0" encoding="UTF-8"?>
<testsuite xmlns:xsi="http://www.w3.org/2001/XMLSchema-instance" xsi:noNamespaceSchemaLocation="https://maven.apache.org/surefire/maven-surefire-plugin/xsd/surefire-test-report-3.0.xsd" version="3.0" name="core.LeaderboardTest" time="0.032" tests="2" errors="0" skipped="0" failures="0">
  <properties>
[...]
</properties>
  <testcase name="testSortList" classname="core.LeaderboardTest" time="0.023">
    <system-out><![CDATA[sorted users: [Safura: 20 poeng, Sandra: 10 poeng, Sander: 1 poeng]
]]></system-out>
  </testcase>
  <testcase name="testConstructor" classname="core.LeaderboardTest" time="0.001"/>
</testsuite>