<?xml version="1.0" encoding="UTF-8"?>
<testsuite xmlns:xsi="http://www.w3.org/2001/XMLSchema-instance" xsi:noNamespaceSchemaLocation="https://maven.apache.org/surefire/maven-surefire-plugin/xsd/surefire-test-report-3.0.xsd" version="3.0" name="ui.CleanEAppTest" time="19.267" tests="5" errors="0" skipped="0" failures="0">
  <properties>
[...]
</properties>
  <testcase name="testSortList" classname="ui.CleanEAppTest" time="5.67">
    <system-out><![CDATA[User already in list.
[Task [taskName=Vaske badet, pointsValue=10, completed=true, dueDay=monday, assignedUser=Sander], Task [taskName=Vaske rommet, pointsValue=5, completed=false, dueDay=tuesday, assignedUser=Sander], Task [taskName=Vaske rommet, pointsValue=5, completed=false, dueDay=saturday, assignedUser=Sander], Task [taskName=Støvsuge, pointsValue=5, completed=false, dueDay=thursday, assignedUser=Sander]]
sorted users: [Sander: 10 poeng, Benji: 5 poeng]
]]></system-out>
  </testcase>
  <testcase name="testAddTask" classname="ui.CleanEAppTest" time="4.093">
    <system-out><![CDATA[User already in list.
[Task [taskName=Vaske badet, pointsValue=10, completed=false, dueDay=monday, assignedUser=Sander], Task [taskName=Vaske rommet, pointsValue=5, completed=false, dueDay=tuesday, assignedUser=Sander], Task [taskName=Vaske rommet, pointsValue=5, completed=false, dueDay=saturday, assignedUser=Sander], Task [taskName=Støvsuge, pointsValue=5, completed=false, dueDay=thursday, assignedUser=Sander]]
]]></system-out>
  </testcase>
  <testcase name="testHandleCompletedTask" classname="ui.CleanEAppTest" time="5.399">
    <system-out><![CDATA[User already in list.
[Task [taskName=Vaske badet, pointsValue=10, completed=false, dueDay=monday, assignedUser=Sander], Task [taskName=Vaske rommet, pointsValue=5, completed=false, dueDay=tuesday, assignedUser=Sander], Task [taskName=Vaske rommet, pointsValue=5, completed=false, dueDay=saturday, assignedUser=Sander], Task [taskName=Støvsuge, pointsValue=5, completed=false, dueDay=thursday, assignedUser=Sander]]
]]></system-out>
  </testcase>
  <testcase name="testClearTask" classname="ui.CleanEAppTest" time="3.715"/>
  <testcase name="testControllerAndLeaderboard" classname="ui.CleanEAppTest" time="0.332"/>
</testsuite>